Mar 07, 2016 3:23:22 PM org.apache.catalina.core.AprLifecycleListener init
INFO: The APR based Apache Tomcat Native library which allows optimal performance in production environments was not found on the java.library.path: /oracle/lib:/usr/java/packages/lib/amd64:/usr/lib/x86_64-linux-gnu/jni:/lib/x86_64-linux-gnu:/usr/lib/x86_64-linux-gnu:/usr/lib/jni:/lib:/usr/lib
Mar 07, 2016 3:23:23 PM org.apache.coyote.http11.Http11Protocol init
INFO: Initializing Coyote HTTP/1.1 on http-16610
Mar 07, 2016 3:23:23 PM org.apache.catalina.startup.Catalina load
INFO: Initialization processed in 639 ms
Mar 07, 2016 3:23:23 PM org.apache.catalina.core.StandardService start
INFO: Starting service Catalina
Mar 07, 2016 3:23:23 PM org.apache.catalina.core.StandardEngine start
INFO: Starting Servlet Engine: Apache Tomcat/6.0.44
Mar 07, 2016 3:23:23 PM org.apache.catalina.startup.HostConfig deployDirectory
INFO: Deploying web application directory ROOT
Mar 07, 2016 3:23:23 PM org.apache.catalina.startup.HostConfig deployDirectory
INFO: Deploying web application directory proj1
Mar 07, 2016 3:23:23 PM org.apache.coyote.http11.Http11Protocol start
INFO: Starting Coyote HTTP/1.1 on http-16610
Mar 07, 2016 3:23:24 PM org.apache.jk.common.ChannelSocket init
INFO: JK: ajp13 listening on /0.0.0.0:8009
Mar 07, 2016 3:23:24 PM org.apache.jk.server.JkMain start
INFO: Jk running ID=0 time=0/19  config=null
Mar 07, 2016 3:23:24 PM org.apache.catalina.startup.Catalina start
INFO: Server startup in 919 ms
Mar 07, 2016 4:50:24 PM org.apache.coyote.http11.Http11Protocol pause
INFO: Pausing Coyote HTTP/1.1 on http-16610
Mar 07, 2016 4:50:25 PM org.apache.catalina.core.StandardService stop
INFO: Stopping service Catalina
Mar 07, 2016 4:50:27 PM org.apache.catalina.loader.WebappClassLoader clearReferencesJdbc
SEVERE: The web application [/proj1] registered the JDBC driver [oracle.jdbc.OracleDriver] but failed to unregister it when the web application was stopped. To prevent a memory leak, the JDBC Driver has been forcibly unregistered.
Mar 07, 2016 4:50:27 PM org.apache.catalina.loader.WebappClassLoader clearReferencesThreads
SEVERE: The web application [/proj1] is still processing a request that has yet to finish. This is very likely to create a memory leak. You can control the time allowed for requests to finish by using the unloadDelay attribute of the standard Context implementation.
Mar 07, 2016 4:50:27 PM org.apache.catalina.loader.WebappClassLoader clearReferencesThreads
SEVERE: The web application [/proj1] appears to have started a thread named [oracle.jdbc.driver.BlockSource.ThreadedCachingBlockSource.BlockReleaser] but has failed to stop it. This is very likely to create a memory leak.
Mar 07, 2016 4:50:27 PM org.apache.catalina.loader.WebappClassLoader clearReferencesThreads
SEVERE: The web application [/proj1] is still processing a request that has yet to finish. This is very likely to create a memory leak. You can control the time allowed for requests to finish by using the unloadDelay attribute of the standard Context implementation.
Mar 07, 2016 4:50:27 PM org.apache.catalina.loader.WebappClassLoader clearReferencesThreads
SEVERE: The web application [/proj1] is still processing a request that has yet to finish. This is very likely to create a memory leak. You can control the time allowed for requests to finish by using the unloadDelay attribute of the standard Context implementation.
Mar 07, 2016 4:50:27 PM org.apache.catalina.loader.WebappClassLoader clearReferencesThreads
SEVERE: The web application [/proj1] is still processing a request that has yet to finish. This is very likely to create a memory leak. You can control the time allowed for requests to finish by using the unloadDelay attribute of the standard Context implementation.
Mar 07, 2016 4:50:27 PM org.apache.catalina.loader.WebappClassLoader clearReferencesThreads
SEVERE: The web application [/proj1] is still processing a request that has yet to finish. This is very likely to create a memory leak. You can control the time allowed for requests to finish by using the unloadDelay attribute of the standard Context implementation.
Mar 07, 2016 4:50:28 PM org.apache.coyote.http11.Http11Protocol destroy
INFO: Stopping Coyote HTTP/1.1 on http-16610
Mar 07, 2016 4:50:33 PM org.apache.catalina.core.AprLifecycleListener init
INFO: The APR based Apache Tomcat Native library which allows optimal performance in production environments was not found on the java.library.path: /oracle/lib:/usr/java/packages/lib/amd64:/usr/lib/x86_64-linux-gnu/jni:/lib/x86_64-linux-gnu:/usr/lib/x86_64-linux-gnu:/usr/lib/jni:/lib:/usr/lib
Mar 07, 2016 4:50:33 PM org.apache.coyote.http11.Http11Protocol init
INFO: Initializing Coyote HTTP/1.1 on http-16610
Mar 07, 2016 4:50:33 PM org.apache.catalina.startup.Catalina load
INFO: Initialization processed in 584 ms
Mar 07, 2016 4:50:33 PM org.apache.catalina.core.StandardService start
INFO: Starting service Catalina
Mar 07, 2016 4:50:33 PM org.apache.catalina.core.StandardEngine start
INFO: Starting Servlet Engine: Apache Tomcat/6.0.44
Mar 07, 2016 4:50:33 PM org.apache.catalina.startup.HostConfig deployDirectory
INFO: Deploying web application directory ROOT
Mar 07, 2016 4:50:34 PM org.apache.catalina.startup.HostConfig deployDirectory
INFO: Deploying web application directory proj1
Mar 07, 2016 4:50:34 PM org.apache.coyote.http11.Http11Protocol start
INFO: Starting Coyote HTTP/1.1 on http-16610
Mar 07, 2016 4:50:34 PM org.apache.jk.common.ChannelSocket init
INFO: JK: ajp13 listening on /0.0.0.0:8009
Mar 07, 2016 4:50:34 PM org.apache.jk.server.JkMain start
INFO: Jk running ID=0 time=0/17  config=null
Mar 07, 2016 4:50:34 PM org.apache.catalina.startup.Catalina start
INFO: Server startup in 645 ms
