Jan 25, 2016 5:50:57 PM org.apache.catalina.core.AprLifecycleListener init
INFO: The APR based Apache Tomcat Native library which allows optimal performance in production environments was not found on the java.library.path: /oracle/lib:/usr/java/packages/lib/amd64:/usr/lib/x86_64-linux-gnu/jni:/lib/x86_64-linux-gnu:/usr/lib/x86_64-linux-gnu:/usr/lib/jni:/lib:/usr/lib
Jan 25, 2016 5:50:58 PM org.apache.coyote.http11.Http11Protocol init
INFO: Initializing Coyote HTTP/1.1 on http-16012
Jan 25, 2016 5:50:58 PM org.apache.catalina.startup.Catalina load
INFO: Initialization processed in 1133 ms
Jan 25, 2016 5:50:58 PM org.apache.catalina.core.StandardService start
INFO: Starting service Catalina
Jan 25, 2016 5:50:58 PM org.apache.catalina.core.StandardEngine start
INFO: Starting Servlet Engine: Apache Tomcat/6.0.44
Jan 25, 2016 5:50:58 PM org.apache.catalina.startup.HostConfig deployDirectory
INFO: Deploying web application directory ROOT
Jan 25, 2016 5:50:58 PM org.apache.catalina.startup.HostConfig deployDirectory
INFO: Deploying web application directory proj1
Jan 25, 2016 5:50:58 PM org.apache.coyote.http11.Http11Protocol start
INFO: Starting Coyote HTTP/1.1 on http-16012
Jan 25, 2016 5:50:58 PM org.apache.jk.common.ChannelSocket init
INFO: JK: ajp13 listening on /0.0.0.0:8009
Jan 25, 2016 5:50:58 PM org.apache.jk.server.JkMain start
INFO: Jk running ID=0 time=0/27  config=null
Jan 25, 2016 5:50:58 PM org.apache.catalina.startup.Catalina start
INFO: Server startup in 868 ms
Jan 25, 2016 5:51:12 PM org.apache.coyote.http11.Http11Protocol pause
INFO: Pausing Coyote HTTP/1.1 on http-16012
Jan 25, 2016 5:51:13 PM org.apache.catalina.core.StandardService stop
INFO: Stopping service Catalina
Jan 25, 2016 5:51:13 PM org.apache.coyote.http11.Http11Protocol destroy
INFO: Stopping Coyote HTTP/1.1 on http-16012
Jan 25, 2016 5:59:16 PM org.apache.catalina.core.AprLifecycleListener init
INFO: The APR based Apache Tomcat Native library which allows optimal performance in production environments was not found on the java.library.path: /oracle/lib:/usr/java/packages/lib/amd64:/usr/lib/x86_64-linux-gnu/jni:/lib/x86_64-linux-gnu:/usr/lib/x86_64-linux-gnu:/usr/lib/jni:/lib:/usr/lib
Jan 25, 2016 5:59:16 PM org.apache.coyote.http11.Http11Protocol init
INFO: Initializing Coyote HTTP/1.1 on http-16012
Jan 25, 2016 5:59:16 PM org.apache.catalina.startup.Catalina load
INFO: Initialization processed in 611 ms
Jan 25, 2016 5:59:16 PM org.apache.catalina.core.StandardService start
INFO: Starting service Catalina
Jan 25, 2016 5:59:16 PM org.apache.catalina.core.StandardEngine start
INFO: Starting Servlet Engine: Apache Tomcat/6.0.44
Jan 25, 2016 5:59:16 PM org.apache.catalina.startup.HostConfig deployDirectory
INFO: Deploying web application directory ROOT
Jan 25, 2016 5:59:16 PM org.apache.catalina.startup.HostConfig deployDirectory
INFO: Deploying web application directory proj1
Jan 25, 2016 5:59:16 PM org.apache.coyote.http11.Http11Protocol start
INFO: Starting Coyote HTTP/1.1 on http-16012
Jan 25, 2016 5:59:16 PM org.apache.jk.common.ChannelSocket init
INFO: JK: ajp13 listening on /0.0.0.0:8009
Jan 25, 2016 5:59:16 PM org.apache.jk.server.JkMain start
INFO: Jk running ID=0 time=0/36  config=null
Jan 25, 2016 5:59:16 PM org.apache.catalina.startup.Catalina start
INFO: Server startup in 710 ms
Jan 25, 2016 6:00:54 PM org.apache.coyote.http11.Http11Protocol pause
INFO: Pausing Coyote HTTP/1.1 on http-16012
Jan 25, 2016 6:00:55 PM org.apache.catalina.core.StandardService stop
INFO: Stopping service Catalina
Jan 25, 2016 6:00:55 PM org.apache.coyote.http11.Http11Protocol destroy
INFO: Stopping Coyote HTTP/1.1 on http-16012
Jan 25, 2016 6:04:05 PM org.apache.catalina.core.AprLifecycleListener init
INFO: The APR based Apache Tomcat Native library which allows optimal performance in production environments was not found on the java.library.path: /oracle/lib:/usr/java/packages/lib/amd64:/usr/lib/x86_64-linux-gnu/jni:/lib/x86_64-linux-gnu:/usr/lib/x86_64-linux-gnu:/usr/lib/jni:/lib:/usr/lib
Jan 25, 2016 6:04:05 PM org.apache.coyote.http11.Http11Protocol init
INFO: Initializing Coyote HTTP/1.1 on http-16012
Jan 25, 2016 6:04:05 PM org.apache.catalina.startup.Catalina load
INFO: Initialization processed in 568 ms
Jan 25, 2016 6:04:05 PM org.apache.catalina.core.StandardService start
INFO: Starting service Catalina
Jan 25, 2016 6:04:05 PM org.apache.catalina.core.StandardEngine start
INFO: Starting Servlet Engine: Apache Tomcat/6.0.44
Jan 25, 2016 6:04:05 PM org.apache.catalina.startup.HostConfig deployDirectory
INFO: Deploying web application directory ROOT
Jan 25, 2016 6:04:06 PM org.apache.catalina.startup.HostConfig deployDirectory
INFO: Deploying web application directory proj1
Jan 25, 2016 6:04:06 PM org.apache.coyote.http11.Http11Protocol start
INFO: Starting Coyote HTTP/1.1 on http-16012
Jan 25, 2016 6:04:06 PM org.apache.jk.common.ChannelSocket init
INFO: JK: ajp13 listening on /0.0.0.0:8009
Jan 25, 2016 6:04:06 PM org.apache.jk.server.JkMain start
INFO: Jk running ID=0 time=0/20  config=null
Jan 25, 2016 6:04:06 PM org.apache.catalina.startup.Catalina start
INFO: Server startup in 692 ms
Jan 25, 2016 6:05:18 PM org.apache.coyote.http11.Http11Protocol pause
INFO: Pausing Coyote HTTP/1.1 on http-16012
Jan 25, 2016 6:05:19 PM org.apache.catalina.core.StandardService stop
INFO: Stopping service Catalina
Jan 25, 2016 6:05:19 PM org.apache.coyote.http11.Http11Protocol destroy
INFO: Stopping Coyote HTTP/1.1 on http-16012
Jan 25, 2016 6:12:59 PM org.apache.catalina.core.AprLifecycleListener init
INFO: The APR based Apache Tomcat Native library which allows optimal performance in production environments was not found on the java.library.path: /oracle/lib:/usr/java/packages/lib/amd64:/usr/lib/x86_64-linux-gnu/jni:/lib/x86_64-linux-gnu:/usr/lib/x86_64-linux-gnu:/usr/lib/jni:/lib:/usr/lib
Jan 25, 2016 6:12:59 PM org.apache.coyote.http11.Http11Protocol init
INFO: Initializing Coyote HTTP/1.1 on http-16012
Jan 25, 2016 6:12:59 PM org.apache.catalina.startup.Catalina load
INFO: Initialization processed in 578 ms
Jan 25, 2016 6:12:59 PM org.apache.catalina.core.StandardService start
INFO: Starting service Catalina
Jan 25, 2016 6:12:59 PM org.apache.catalina.core.StandardEngine start
INFO: Starting Servlet Engine: Apache Tomcat/6.0.44
Jan 25, 2016 6:12:59 PM org.apache.catalina.startup.HostConfig deployDirectory
INFO: Deploying web application directory ROOT
Jan 25, 2016 6:13:00 PM org.apache.catalina.startup.HostConfig deployDirectory
INFO: Deploying web application directory proj1
Jan 25, 2016 6:13:00 PM org.apache.coyote.http11.Http11Protocol start
INFO: Starting Coyote HTTP/1.1 on http-16012
Jan 25, 2016 6:13:00 PM org.apache.jk.common.ChannelSocket init
INFO: JK: ajp13 listening on /0.0.0.0:8009
Jan 25, 2016 6:13:00 PM org.apache.jk.server.JkMain start
INFO: Jk running ID=0 time=0/18  config=null
Jan 25, 2016 6:13:00 PM org.apache.catalina.startup.Catalina start
INFO: Server startup in 708 ms
Jan 25, 2016 6:13:11 PM org.apache.coyote.http11.Http11Protocol pause
INFO: Pausing Coyote HTTP/1.1 on http-16012
Jan 25, 2016 6:13:12 PM org.apache.catalina.core.StandardService stop
INFO: Stopping service Catalina
Jan 25, 2016 6:13:12 PM org.apache.coyote.http11.Http11Protocol destroy
INFO: Stopping Coyote HTTP/1.1 on http-16012
Jan 25, 2016 6:24:50 PM org.apache.catalina.core.AprLifecycleListener init
INFO: The APR based Apache Tomcat Native library which allows optimal performance in production environments was not found on the java.library.path: /oracle/lib:/usr/java/packages/lib/amd64:/usr/lib/x86_64-linux-gnu/jni:/lib/x86_64-linux-gnu:/usr/lib/x86_64-linux-gnu:/usr/lib/jni:/lib:/usr/lib
Jan 25, 2016 6:24:50 PM org.apache.coyote.http11.Http11Protocol init
INFO: Initializing Coyote HTTP/1.1 on http-16012
Jan 25, 2016 6:24:50 PM org.apache.catalina.startup.Catalina load
INFO: Initialization processed in 579 ms
Jan 25, 2016 6:24:50 PM org.apache.catalina.core.StandardService start
INFO: Starting service Catalina
Jan 25, 2016 6:24:50 PM org.apache.catalina.core.StandardEngine start
INFO: Starting Servlet Engine: Apache Tomcat/6.0.44
Jan 25, 2016 6:24:50 PM org.apache.catalina.startup.HostConfig deployDirectory
INFO: Deploying web application directory ROOT
Jan 25, 2016 6:24:51 PM org.apache.catalina.startup.HostConfig deployDirectory
INFO: Deploying web application directory proj1
Jan 25, 2016 6:24:51 PM org.apache.coyote.http11.Http11Protocol start
INFO: Starting Coyote HTTP/1.1 on http-16012
Jan 25, 2016 6:24:51 PM org.apache.jk.common.ChannelSocket init
INFO: JK: ajp13 listening on /0.0.0.0:8009
Jan 25, 2016 6:24:51 PM org.apache.jk.server.JkMain start
INFO: Jk running ID=0 time=0/61  config=null
Jan 25, 2016 6:24:51 PM org.apache.catalina.startup.Catalina start
INFO: Server startup in 760 ms
Jan 25, 2016 6:32:31 PM org.apache.coyote.http11.Http11Protocol pause
INFO: Pausing Coyote HTTP/1.1 on http-16012
Jan 25, 2016 6:32:32 PM org.apache.catalina.core.StandardService stop
INFO: Stopping service Catalina
Jan 25, 2016 6:32:32 PM org.apache.coyote.http11.Http11Protocol destroy
INFO: Stopping Coyote HTTP/1.1 on http-16012
Jan 25, 2016 7:07:15 PM org.apache.catalina.core.AprLifecycleListener init
INFO: The APR based Apache Tomcat Native library which allows optimal performance in production environments was not found on the java.library.path: /oracle/lib:/usr/java/packages/lib/amd64:/usr/lib/x86_64-linux-gnu/jni:/lib/x86_64-linux-gnu:/usr/lib/x86_64-linux-gnu:/usr/lib/jni:/lib:/usr/lib
Jan 25, 2016 7:07:15 PM org.apache.coyote.http11.Http11Protocol init
INFO: Initializing Coyote HTTP/1.1 on http-16012
Jan 25, 2016 7:07:15 PM org.apache.catalina.startup.Catalina load
INFO: Initialization processed in 605 ms
Jan 25, 2016 7:07:15 PM org.apache.catalina.core.StandardService start
INFO: Starting service Catalina
Jan 25, 2016 7:07:15 PM org.apache.catalina.core.StandardEngine start
INFO: Starting Servlet Engine: Apache Tomcat/6.0.44
Jan 25, 2016 7:07:15 PM org.apache.catalina.startup.HostConfig deployDirectory
INFO: Deploying web application directory ROOT
Jan 25, 2016 7:07:15 PM org.apache.catalina.startup.HostConfig deployDirectory
INFO: Deploying web application directory proj1
Jan 25, 2016 7:07:15 PM org.apache.coyote.http11.Http11Protocol start
INFO: Starting Coyote HTTP/1.1 on http-16012
Jan 25, 2016 7:07:16 PM org.apache.jk.common.ChannelSocket init
INFO: JK: ajp13 listening on /0.0.0.0:8009
Jan 25, 2016 7:07:16 PM org.apache.jk.server.JkMain start
INFO: Jk running ID=0 time=0/18  config=null
Jan 25, 2016 7:07:16 PM org.apache.catalina.startup.Catalina start
INFO: Server startup in 743 ms
Jan 25, 2016 7:07:59 PM org.apache.coyote.http11.Http11Protocol pause
INFO: Pausing Coyote HTTP/1.1 on http-16012
Jan 25, 2016 7:08:00 PM org.apache.catalina.core.StandardService stop
INFO: Stopping service Catalina
Jan 25, 2016 7:08:00 PM org.apache.coyote.http11.Http11Protocol destroy
INFO: Stopping Coyote HTTP/1.1 on http-16012
Jan 25, 2016 7:12:13 PM org.apache.catalina.core.AprLifecycleListener init
INFO: The APR based Apache Tomcat Native library which allows optimal performance in production environments was not found on the java.library.path: /oracle/lib:/usr/java/packages/lib/amd64:/usr/lib/x86_64-linux-gnu/jni:/lib/x86_64-linux-gnu:/usr/lib/x86_64-linux-gnu:/usr/lib/jni:/lib:/usr/lib
Jan 25, 2016 7:12:13 PM org.apache.coyote.http11.Http11Protocol init
INFO: Initializing Coyote HTTP/1.1 on http-16012
Jan 25, 2016 7:12:13 PM org.apache.catalina.startup.Catalina load
INFO: Initialization processed in 624 ms
Jan 25, 2016 7:12:13 PM org.apache.catalina.core.StandardService start
INFO: Starting service Catalina
Jan 25, 2016 7:12:13 PM org.apache.catalina.core.StandardEngine start
INFO: Starting Servlet Engine: Apache Tomcat/6.0.44
Jan 25, 2016 7:12:13 PM org.apache.catalina.startup.HostConfig deployDirectory
INFO: Deploying web application directory ROOT
Jan 25, 2016 7:12:13 PM org.apache.catalina.startup.HostConfig deployDirectory
INFO: Deploying web application directory proj1
Jan 25, 2016 7:12:13 PM org.apache.coyote.http11.Http11Protocol start
INFO: Starting Coyote HTTP/1.1 on http-16012
Jan 25, 2016 7:12:13 PM org.apache.jk.common.ChannelSocket init
INFO: JK: ajp13 listening on /0.0.0.0:8009
Jan 25, 2016 7:12:13 PM org.apache.jk.server.JkMain start
INFO: Jk running ID=0 time=0/19  config=null
Jan 25, 2016 7:12:13 PM org.apache.catalina.startup.Catalina start
INFO: Server startup in 681 ms
Jan 25, 2016 7:12:21 PM org.apache.coyote.http11.Http11Protocol pause
INFO: Pausing Coyote HTTP/1.1 on http-16012
Jan 25, 2016 7:12:22 PM org.apache.catalina.core.StandardService stop
INFO: Stopping service Catalina
Jan 25, 2016 7:12:22 PM org.apache.coyote.http11.Http11Protocol destroy
INFO: Stopping Coyote HTTP/1.1 on http-16012
Jan 25, 2016 7:13:05 PM org.apache.catalina.core.AprLifecycleListener init
INFO: The APR based Apache Tomcat Native library which allows optimal performance in production environments was not found on the java.library.path: /oracle/lib:/usr/java/packages/lib/amd64:/usr/lib/x86_64-linux-gnu/jni:/lib/x86_64-linux-gnu:/usr/lib/x86_64-linux-gnu:/usr/lib/jni:/lib:/usr/lib
Jan 25, 2016 7:13:06 PM org.apache.coyote.http11.Http11Protocol init
INFO: Initializing Coyote HTTP/1.1 on http-16012
Jan 25, 2016 7:13:06 PM org.apache.catalina.startup.Catalina load
INFO: Initialization processed in 611 ms
Jan 25, 2016 7:13:06 PM org.apache.catalina.core.StandardService start
INFO: Starting service Catalina
Jan 25, 2016 7:13:06 PM org.apache.catalina.core.StandardEngine start
INFO: Starting Servlet Engine: Apache Tomcat/6.0.44
Jan 25, 2016 7:13:06 PM org.apache.catalina.startup.HostConfig deployDirectory
INFO: Deploying web application directory ROOT
Jan 25, 2016 7:13:06 PM org.apache.catalina.startup.HostConfig deployDirectory
INFO: Deploying web application directory proj1
Jan 25, 2016 7:13:06 PM org.apache.coyote.http11.Http11Protocol start
INFO: Starting Coyote HTTP/1.1 on http-16012
Jan 25, 2016 7:13:06 PM org.apache.jk.common.ChannelSocket init
INFO: JK: ajp13 listening on /0.0.0.0:8009
Jan 25, 2016 7:13:06 PM org.apache.jk.server.JkMain start
INFO: Jk running ID=0 time=0/18  config=null
Jan 25, 2016 7:13:06 PM org.apache.catalina.startup.Catalina start
INFO: Server startup in 715 ms
Jan 25, 2016 7:13:33 PM org.apache.coyote.http11.Http11Protocol pause
INFO: Pausing Coyote HTTP/1.1 on http-16012
Jan 25, 2016 7:13:34 PM org.apache.catalina.core.StandardService stop
INFO: Stopping service Catalina
Jan 25, 2016 7:13:34 PM org.apache.catalina.loader.WebappClassLoader clearReferencesJdbc
SEVERE: The web application [/proj1] registered the JDBC driver [oracle.jdbc.OracleDriver] but failed to unregister it when the web application was stopped. To prevent a memory leak, the JDBC Driver has been forcibly unregistered.
Jan 25, 2016 7:13:34 PM org.apache.catalina.loader.WebappClassLoader clearReferencesThreads
SEVERE: The web application [/proj1] appears to have started a thread named [oracle.jdbc.driver.BlockSource.ThreadedCachingBlockSource.BlockReleaser] but has failed to stop it. This is very likely to create a memory leak.
Jan 25, 2016 7:13:35 PM org.apache.coyote.http11.Http11Protocol destroy
INFO: Stopping Coyote HTTP/1.1 on http-16012
Jan 25, 2016 7:14:47 PM org.apache.catalina.core.AprLifecycleListener init
INFO: The APR based Apache Tomcat Native library which allows optimal performance in production environments was not found on the java.library.path: /oracle/lib:/usr/java/packages/lib/amd64:/usr/lib/x86_64-linux-gnu/jni:/lib/x86_64-linux-gnu:/usr/lib/x86_64-linux-gnu:/usr/lib/jni:/lib:/usr/lib
Jan 25, 2016 7:14:47 PM org.apache.coyote.http11.Http11Protocol init
INFO: Initializing Coyote HTTP/1.1 on http-16012
Jan 25, 2016 7:14:47 PM org.apache.catalina.startup.Catalina load
INFO: Initialization processed in 614 ms
Jan 25, 2016 7:14:47 PM org.apache.catalina.core.StandardService start
INFO: Starting service Catalina
Jan 25, 2016 7:14:47 PM org.apache.catalina.core.StandardEngine start
INFO: Starting Servlet Engine: Apache Tomcat/6.0.44
Jan 25, 2016 7:14:47 PM org.apache.catalina.startup.HostConfig deployDirectory
INFO: Deploying web application directory ROOT
Jan 25, 2016 7:14:48 PM org.apache.catalina.startup.HostConfig deployDirectory
INFO: Deploying web application directory proj1
Jan 25, 2016 7:14:48 PM org.apache.coyote.http11.Http11Protocol start
INFO: Starting Coyote HTTP/1.1 on http-16012
Jan 25, 2016 7:14:48 PM org.apache.jk.common.ChannelSocket init
INFO: JK: ajp13 listening on /0.0.0.0:8009
Jan 25, 2016 7:14:48 PM org.apache.jk.server.JkMain start
INFO: Jk running ID=0 time=0/18  config=null
Jan 25, 2016 7:14:48 PM org.apache.catalina.startup.Catalina start
INFO: Server startup in 670 ms
Jan 25, 2016 7:15:02 PM org.apache.coyote.http11.Http11Protocol pause
INFO: Pausing Coyote HTTP/1.1 on http-16012
Jan 25, 2016 7:15:03 PM org.apache.catalina.core.StandardService stop
INFO: Stopping service Catalina
Jan 25, 2016 7:15:03 PM org.apache.catalina.loader.WebappClassLoader clearReferencesJdbc
SEVERE: The web application [/proj1] registered the JDBC driver [oracle.jdbc.OracleDriver] but failed to unregister it when the web application was stopped. To prevent a memory leak, the JDBC Driver has been forcibly unregistered.
Jan 25, 2016 7:15:03 PM org.apache.catalina.loader.WebappClassLoader clearReferencesThreads
SEVERE: The web application [/proj1] appears to have started a thread named [oracle.jdbc.driver.BlockSource.ThreadedCachingBlockSource.BlockReleaser] but has failed to stop it. This is very likely to create a memory leak.
Jan 25, 2016 7:15:03 PM org.apache.coyote.http11.Http11Protocol destroy
INFO: Stopping Coyote HTTP/1.1 on http-16012
Jan 25, 2016 7:16:43 PM org.apache.catalina.core.AprLifecycleListener init
INFO: The APR based Apache Tomcat Native library which allows optimal performance in production environments was not found on the java.library.path: /oracle/lib:/usr/java/packages/lib/amd64:/usr/lib/x86_64-linux-gnu/jni:/lib/x86_64-linux-gnu:/usr/lib/x86_64-linux-gnu:/usr/lib/jni:/lib:/usr/lib
Jan 25, 2016 7:16:43 PM org.apache.coyote.http11.Http11Protocol init
INFO: Initializing Coyote HTTP/1.1 on http-16012
Jan 25, 2016 7:16:43 PM org.apache.catalina.startup.Catalina load
INFO: Initialization processed in 566 ms
Jan 25, 2016 7:16:43 PM org.apache.catalina.core.StandardService start
INFO: Starting service Catalina
Jan 25, 2016 7:16:43 PM org.apache.catalina.core.StandardEngine start
INFO: Starting Servlet Engine: Apache Tomcat/6.0.44
Jan 25, 2016 7:16:43 PM org.apache.catalina.startup.HostConfig deployDirectory
INFO: Deploying web application directory ROOT
Jan 25, 2016 7:16:43 PM org.apache.catalina.startup.HostConfig deployDirectory
INFO: Deploying web application directory proj1
Jan 25, 2016 7:16:44 PM org.apache.coyote.http11.Http11Protocol start
INFO: Starting Coyote HTTP/1.1 on http-16012
Jan 25, 2016 7:16:44 PM org.apache.jk.common.ChannelSocket init
INFO: JK: ajp13 listening on /0.0.0.0:8009
Jan 25, 2016 7:16:44 PM org.apache.jk.server.JkMain start
INFO: Jk running ID=0 time=0/18  config=null
Jan 25, 2016 7:16:44 PM org.apache.catalina.startup.Catalina start
INFO: Server startup in 712 ms
Jan 25, 2016 7:17:26 PM org.apache.coyote.http11.Http11Protocol pause
INFO: Pausing Coyote HTTP/1.1 on http-16012
Jan 25, 2016 7:17:27 PM org.apache.catalina.core.StandardService stop
INFO: Stopping service Catalina
Jan 25, 2016 7:17:27 PM org.apache.catalina.loader.WebappClassLoader clearReferencesJdbc
SEVERE: The web application [/proj1] registered the JDBC driver [oracle.jdbc.OracleDriver] but failed to unregister it when the web application was stopped. To prevent a memory leak, the JDBC Driver has been forcibly unregistered.
Jan 25, 2016 7:17:27 PM org.apache.catalina.loader.WebappClassLoader clearReferencesThreads
SEVERE: The web application [/proj1] appears to have started a thread named [oracle.jdbc.driver.BlockSource.ThreadedCachingBlockSource.BlockReleaser] but has failed to stop it. This is very likely to create a memory leak.
Jan 25, 2016 7:17:28 PM org.apache.coyote.http11.Http11Protocol destroy
INFO: Stopping Coyote HTTP/1.1 on http-16012
Jan 25, 2016 7:18:20 PM org.apache.catalina.core.AprLifecycleListener init
INFO: The APR based Apache Tomcat Native library which allows optimal performance in production environments was not found on the java.library.path: /oracle/lib:/usr/java/packages/lib/amd64:/usr/lib/x86_64-linux-gnu/jni:/lib/x86_64-linux-gnu:/usr/lib/x86_64-linux-gnu:/usr/lib/jni:/lib:/usr/lib
Jan 25, 2016 7:18:20 PM org.apache.coyote.http11.Http11Protocol init
INFO: Initializing Coyote HTTP/1.1 on http-16012
Jan 25, 2016 7:18:20 PM org.apache.catalina.startup.Catalina load
INFO: Initialization processed in 596 ms
Jan 25, 2016 7:18:20 PM org.apache.catalina.core.StandardService start
INFO: Starting service Catalina
Jan 25, 2016 7:18:20 PM org.apache.catalina.core.StandardEngine start
INFO: Starting Servlet Engine: Apache Tomcat/6.0.44
Jan 25, 2016 7:18:20 PM org.apache.catalina.startup.HostConfig deployDirectory
INFO: Deploying web application directory ROOT
Jan 25, 2016 7:18:20 PM org.apache.catalina.startup.HostConfig deployDirectory
INFO: Deploying web application directory proj1
Jan 25, 2016 7:18:21 PM org.apache.coyote.http11.Http11Protocol start
INFO: Starting Coyote HTTP/1.1 on http-16012
Jan 25, 2016 7:18:21 PM org.apache.jk.common.ChannelSocket init
INFO: JK: ajp13 listening on /0.0.0.0:8009
Jan 25, 2016 7:18:21 PM org.apache.jk.server.JkMain start
INFO: Jk running ID=0 time=0/23  config=null
Jan 25, 2016 7:18:21 PM org.apache.catalina.startup.Catalina start
INFO: Server startup in 657 ms
Jan 25, 2016 7:18:35 PM org.apache.coyote.http11.Http11Protocol pause
INFO: Pausing Coyote HTTP/1.1 on http-16012
Jan 25, 2016 7:18:36 PM org.apache.catalina.core.StandardService stop
INFO: Stopping service Catalina
Jan 25, 2016 7:18:36 PM org.apache.catalina.loader.WebappClassLoader clearReferencesJdbc
SEVERE: The web application [/proj1] registered the JDBC driver [oracle.jdbc.OracleDriver] but failed to unregister it when the web application was stopped. To prevent a memory leak, the JDBC Driver has been forcibly unregistered.
Jan 25, 2016 7:18:36 PM org.apache.catalina.loader.WebappClassLoader clearReferencesThreads
SEVERE: The web application [/proj1] appears to have started a thread named [oracle.jdbc.driver.BlockSource.ThreadedCachingBlockSource.BlockReleaser] but has failed to stop it. This is very likely to create a memory leak.
Jan 25, 2016 7:18:36 PM org.apache.catalina.loader.WebappClassLoader checkThreadLocalMapForLeaks
SEVERE: The web application [/proj1] created a ThreadLocal with key of type [oracle.jdbc.driver.AutoKeyInfo$1] (value [oracle.jdbc.driver.AutoKeyInfo$1@4c00c66f]) and a value of type [oracle.jdbc.driver.OracleSql] (value [insert into (select T_NAME, SUP_ID, PRICE, SALES, TOTAL  from  TOFFEES) (T_NAME, SUP_ID, PRICE, SALES, TOTAL) values ( :rowid0, :rowid1, :rowid2, :rowid3, :rowid4)]) but failed to remove it when the web application was stopped. This is very likely to create a memory leak.
Jan 25, 2016 7:18:36 PM org.apache.coyote.http11.Http11Protocol destroy
INFO: Stopping Coyote HTTP/1.1 on http-16012
Jan 25, 2016 7:20:14 PM org.apache.catalina.core.AprLifecycleListener init
INFO: The APR based Apache Tomcat Native library which allows optimal performance in production environments was not found on the java.library.path: /oracle/lib:/usr/java/packages/lib/amd64:/usr/lib/x86_64-linux-gnu/jni:/lib/x86_64-linux-gnu:/usr/lib/x86_64-linux-gnu:/usr/lib/jni:/lib:/usr/lib
Jan 25, 2016 7:20:14 PM org.apache.coyote.http11.Http11Protocol init
INFO: Initializing Coyote HTTP/1.1 on http-16012
Jan 25, 2016 7:20:14 PM org.apache.catalina.startup.Catalina load
INFO: Initialization processed in 627 ms
Jan 25, 2016 7:20:14 PM org.apache.catalina.core.StandardService start
INFO: Starting service Catalina
Jan 25, 2016 7:20:14 PM org.apache.catalina.core.StandardEngine start
INFO: Starting Servlet Engine: Apache Tomcat/6.0.44
Jan 25, 2016 7:20:14 PM org.apache.catalina.startup.HostConfig deployDirectory
INFO: Deploying web application directory ROOT
Jan 25, 2016 7:20:15 PM org.apache.catalina.startup.HostConfig deployDirectory
INFO: Deploying web application directory proj1
Jan 25, 2016 7:20:15 PM org.apache.coyote.http11.Http11Protocol start
INFO: Starting Coyote HTTP/1.1 on http-16012
Jan 25, 2016 7:20:15 PM org.apache.jk.common.ChannelSocket init
INFO: JK: ajp13 listening on /0.0.0.0:8009
Jan 25, 2016 7:20:15 PM org.apache.jk.server.JkMain start
INFO: Jk running ID=0 time=0/18  config=null
Jan 25, 2016 7:20:15 PM org.apache.catalina.startup.Catalina start
INFO: Server startup in 672 ms
Jan 25, 2016 7:20:53 PM org.apache.coyote.http11.Http11Protocol pause
INFO: Pausing Coyote HTTP/1.1 on http-16012
Jan 25, 2016 7:20:54 PM org.apache.catalina.core.StandardService stop
INFO: Stopping service Catalina
Jan 25, 2016 7:20:54 PM org.apache.catalina.loader.WebappClassLoader clearReferencesJdbc
SEVERE: The web application [/proj1] registered the JDBC driver [oracle.jdbc.OracleDriver] but failed to unregister it when the web application was stopped. To prevent a memory leak, the JDBC Driver has been forcibly unregistered.
Jan 25, 2016 7:20:54 PM org.apache.catalina.loader.WebappClassLoader clearReferencesThreads
SEVERE: The web application [/proj1] appears to have started a thread named [oracle.jdbc.driver.BlockSource.ThreadedCachingBlockSource.BlockReleaser] but has failed to stop it. This is very likely to create a memory leak.
Jan 25, 2016 7:20:54 PM org.apache.catalina.loader.WebappClassLoader checkThreadLocalMapForLeaks
SEVERE: The web application [/proj1] created a ThreadLocal with key of type [oracle.jdbc.driver.AutoKeyInfo$1] (value [oracle.jdbc.driver.AutoKeyInfo$1@c7755ce]) and a value of type [oracle.jdbc.driver.OracleSql] (value [insert into (select T_NAME, SUP_ID, PRICE, SALES, TOTAL  from  TOFFEES) (T_NAME, SUP_ID, PRICE, SALES, TOTAL) values ( :rowid0, :rowid1, :rowid2, :rowid3, :rowid4)]) but failed to remove it when the web application was stopped. This is very likely to create a memory leak.
Jan 25, 2016 7:20:54 PM org.apache.coyote.http11.Http11Protocol destroy
INFO: Stopping Coyote HTTP/1.1 on http-16012
Jan 25, 2016 7:21:36 PM org.apache.catalina.core.AprLifecycleListener init
INFO: The APR based Apache Tomcat Native library which allows optimal performance in production environments was not found on the java.library.path: /oracle/lib:/usr/java/packages/lib/amd64:/usr/lib/x86_64-linux-gnu/jni:/lib/x86_64-linux-gnu:/usr/lib/x86_64-linux-gnu:/usr/lib/jni:/lib:/usr/lib
Jan 25, 2016 7:21:36 PM org.apache.coyote.http11.Http11Protocol init
INFO: Initializing Coyote HTTP/1.1 on http-16012
Jan 25, 2016 7:21:36 PM org.apache.catalina.startup.Catalina load
INFO: Initialization processed in 633 ms
Jan 25, 2016 7:21:36 PM org.apache.catalina.core.StandardService start
INFO: Starting service Catalina
Jan 25, 2016 7:21:36 PM org.apache.catalina.core.StandardEngine start
INFO: Starting Servlet Engine: Apache Tomcat/6.0.44
Jan 25, 2016 7:21:36 PM org.apache.catalina.startup.HostConfig deployDirectory
INFO: Deploying web application directory ROOT
Jan 25, 2016 7:21:36 PM org.apache.catalina.startup.HostConfig deployDirectory
INFO: Deploying web application directory proj1
Jan 25, 2016 7:21:37 PM org.apache.coyote.http11.Http11Protocol start
INFO: Starting Coyote HTTP/1.1 on http-16012
Jan 25, 2016 7:21:37 PM org.apache.jk.common.ChannelSocket init
INFO: JK: ajp13 listening on /0.0.0.0:8009
Jan 25, 2016 7:21:37 PM org.apache.jk.server.JkMain start
INFO: Jk running ID=0 time=0/23  config=null
Jan 25, 2016 7:21:37 PM org.apache.catalina.startup.Catalina start
INFO: Server startup in 668 ms
Jan 25, 2016 7:23:06 PM org.apache.coyote.http11.Http11Protocol pause
INFO: Pausing Coyote HTTP/1.1 on http-16012
Jan 25, 2016 7:23:07 PM org.apache.catalina.core.StandardService stop
INFO: Stopping service Catalina
Jan 25, 2016 7:23:07 PM org.apache.catalina.loader.WebappClassLoader clearReferencesJdbc
SEVERE: The web application [/proj1] registered the JDBC driver [oracle.jdbc.OracleDriver] but failed to unregister it when the web application was stopped. To prevent a memory leak, the JDBC Driver has been forcibly unregistered.
Jan 25, 2016 7:23:07 PM org.apache.catalina.loader.WebappClassLoader clearReferencesThreads
SEVERE: The web application [/proj1] appears to have started a thread named [oracle.jdbc.driver.BlockSource.ThreadedCachingBlockSource.BlockReleaser] but has failed to stop it. This is very likely to create a memory leak.
Jan 25, 2016 7:23:07 PM org.apache.catalina.loader.WebappClassLoader checkThreadLocalMapForLeaks
SEVERE: The web application [/proj1] created a ThreadLocal with key of type [oracle.jdbc.driver.AutoKeyInfo$1] (value [oracle.jdbc.driver.AutoKeyInfo$1@73f808ef]) and a value of type [oracle.jdbc.driver.OracleSql] (value [insert into (select T_NAME, SUP_ID, PRICE, SALES, TOTAL  from  TOFFEES) (T_NAME, SUP_ID, PRICE, SALES, TOTAL) values ( :rowid0, :rowid1, :rowid2, :rowid3, :rowid4)]) but failed to remove it when the web application was stopped. This is very likely to create a memory leak.
Jan 25, 2016 7:23:07 PM org.apache.coyote.http11.Http11Protocol destroy
INFO: Stopping Coyote HTTP/1.1 on http-16012
Jan 25, 2016 7:28:18 PM org.apache.catalina.core.AprLifecycleListener init
INFO: The APR based Apache Tomcat Native library which allows optimal performance in production environments was not found on the java.library.path: /oracle/lib:/usr/java/packages/lib/amd64:/usr/lib/x86_64-linux-gnu/jni:/lib/x86_64-linux-gnu:/usr/lib/x86_64-linux-gnu:/usr/lib/jni:/lib:/usr/lib
Jan 25, 2016 7:28:18 PM org.apache.coyote.http11.Http11Protocol init
INFO: Initializing Coyote HTTP/1.1 on http-16012
Jan 25, 2016 7:28:18 PM org.apache.catalina.startup.Catalina load
INFO: Initialization processed in 588 ms
Jan 25, 2016 7:28:18 PM org.apache.catalina.core.StandardService start
INFO: Starting service Catalina
Jan 25, 2016 7:28:18 PM org.apache.catalina.core.StandardEngine start
INFO: Starting Servlet Engine: Apache Tomcat/6.0.44
Jan 25, 2016 7:28:18 PM org.apache.catalina.startup.HostConfig deployDirectory
INFO: Deploying web application directory ROOT
Jan 25, 2016 7:28:18 PM org.apache.catalina.startup.HostConfig deployDirectory
INFO: Deploying web application directory proj1
Jan 25, 2016 7:28:19 PM org.apache.coyote.http11.Http11Protocol start
INFO: Starting Coyote HTTP/1.1 on http-16012
Jan 25, 2016 7:28:19 PM org.apache.jk.common.ChannelSocket init
INFO: JK: ajp13 listening on /0.0.0.0:8009
Jan 25, 2016 7:28:19 PM org.apache.jk.server.JkMain start
INFO: Jk running ID=0 time=0/18  config=null
Jan 25, 2016 7:28:19 PM org.apache.catalina.startup.Catalina start
INFO: Server startup in 654 ms
Jan 25, 2016 7:29:25 PM org.apache.coyote.http11.Http11Protocol pause
INFO: Pausing Coyote HTTP/1.1 on http-16012
Jan 25, 2016 7:29:26 PM org.apache.catalina.core.StandardService stop
INFO: Stopping service Catalina
Jan 25, 2016 7:29:26 PM org.apache.catalina.loader.WebappClassLoader clearReferencesJdbc
SEVERE: The web application [/proj1] registered the JDBC driver [oracle.jdbc.OracleDriver] but failed to unregister it when the web application was stopped. To prevent a memory leak, the JDBC Driver has been forcibly unregistered.
Jan 25, 2016 7:29:26 PM org.apache.catalina.loader.WebappClassLoader clearReferencesThreads
SEVERE: The web application [/proj1] appears to have started a thread named [oracle.jdbc.driver.BlockSource.ThreadedCachingBlockSource.BlockReleaser] but has failed to stop it. This is very likely to create a memory leak.
Jan 25, 2016 7:29:26 PM org.apache.catalina.loader.WebappClassLoader checkThreadLocalMapForLeaks
SEVERE: The web application [/proj1] created a ThreadLocal with key of type [oracle.jdbc.driver.AutoKeyInfo$1] (value [oracle.jdbc.driver.AutoKeyInfo$1@16c49c72]) and a value of type [oracle.jdbc.driver.OracleSql] (value [insert into (select T_NAME, SUP_ID, PRICE, SALES, TOTAL  from  TOFFEES) (T_NAME, SUP_ID, PRICE, SALES, TOTAL) values ( :rowid0, :rowid1, :rowid2, :rowid3, :rowid4)]) but failed to remove it when the web application was stopped. This is very likely to create a memory leak.
Jan 25, 2016 7:29:26 PM org.apache.coyote.http11.Http11Protocol destroy
INFO: Stopping Coyote HTTP/1.1 on http-16012
Jan 25, 2016 7:37:34 PM org.apache.catalina.core.AprLifecycleListener init
INFO: The APR based Apache Tomcat Native library which allows optimal performance in production environments was not found on the java.library.path: /oracle/lib:/usr/java/packages/lib/amd64:/usr/lib/x86_64-linux-gnu/jni:/lib/x86_64-linux-gnu:/usr/lib/x86_64-linux-gnu:/usr/lib/jni:/lib:/usr/lib
Jan 25, 2016 7:37:35 PM org.apache.coyote.http11.Http11Protocol init
INFO: Initializing Coyote HTTP/1.1 on http-16012
Jan 25, 2016 7:37:35 PM org.apache.catalina.startup.Catalina load
INFO: Initialization processed in 602 ms
Jan 25, 2016 7:37:35 PM org.apache.catalina.core.StandardService start
INFO: Starting service Catalina
Jan 25, 2016 7:37:35 PM org.apache.catalina.core.StandardEngine start
INFO: Starting Servlet Engine: Apache Tomcat/6.0.44
Jan 25, 2016 7:37:35 PM org.apache.catalina.startup.HostConfig deployDirectory
INFO: Deploying web application directory ROOT
Jan 25, 2016 7:37:35 PM org.apache.catalina.startup.HostConfig deployDirectory
INFO: Deploying web application directory proj1
Jan 25, 2016 7:37:35 PM org.apache.coyote.http11.Http11Protocol start
INFO: Starting Coyote HTTP/1.1 on http-16012
Jan 25, 2016 7:37:35 PM org.apache.jk.common.ChannelSocket init
INFO: JK: ajp13 listening on /0.0.0.0:8009
Jan 25, 2016 7:37:35 PM org.apache.jk.server.JkMain start
INFO: Jk running ID=0 time=0/37  config=null
Jan 25, 2016 7:37:35 PM org.apache.catalina.startup.Catalina start
INFO: Server startup in 697 ms
Jan 25, 2016 7:37:51 PM org.apache.coyote.http11.Http11Protocol pause
INFO: Pausing Coyote HTTP/1.1 on http-16012
Jan 25, 2016 7:37:52 PM org.apache.catalina.core.StandardService stop
INFO: Stopping service Catalina
Jan 25, 2016 7:37:52 PM org.apache.catalina.loader.WebappClassLoader clearReferencesJdbc
SEVERE: The web application [/proj1] registered the JDBC driver [oracle.jdbc.OracleDriver] but failed to unregister it when the web application was stopped. To prevent a memory leak, the JDBC Driver has been forcibly unregistered.
Jan 25, 2016 7:37:52 PM org.apache.catalina.loader.WebappClassLoader clearReferencesThreads
SEVERE: The web application [/proj1] appears to have started a thread named [oracle.jdbc.driver.BlockSource.ThreadedCachingBlockSource.BlockReleaser] but has failed to stop it. This is very likely to create a memory leak.
Jan 25, 2016 7:37:53 PM org.apache.coyote.http11.Http11Protocol destroy
INFO: Stopping Coyote HTTP/1.1 on http-16012
Jan 25, 2016 7:41:02 PM org.apache.catalina.core.AprLifecycleListener init
INFO: The APR based Apache Tomcat Native library which allows optimal performance in production environments was not found on the java.library.path: /oracle/lib:/usr/java/packages/lib/amd64:/usr/lib/x86_64-linux-gnu/jni:/lib/x86_64-linux-gnu:/usr/lib/x86_64-linux-gnu:/usr/lib/jni:/lib:/usr/lib
Jan 25, 2016 7:41:02 PM org.apache.coyote.http11.Http11Protocol init
INFO: Initializing Coyote HTTP/1.1 on http-16012
Jan 25, 2016 7:41:02 PM org.apache.catalina.startup.Catalina load
INFO: Initialization processed in 622 ms
Jan 25, 2016 7:41:02 PM org.apache.catalina.core.StandardService start
INFO: Starting service Catalina
Jan 25, 2016 7:41:02 PM org.apache.catalina.core.StandardEngine start
INFO: Starting Servlet Engine: Apache Tomcat/6.0.44
Jan 25, 2016 7:41:02 PM org.apache.catalina.startup.HostConfig deployDirectory
INFO: Deploying web application directory ROOT
Jan 25, 2016 7:41:02 PM org.apache.catalina.startup.HostConfig deployDirectory
INFO: Deploying web application directory proj1
Jan 25, 2016 7:41:03 PM org.apache.coyote.http11.Http11Protocol start
INFO: Starting Coyote HTTP/1.1 on http-16012
Jan 25, 2016 7:41:03 PM org.apache.jk.common.ChannelSocket init
INFO: JK: ajp13 listening on /0.0.0.0:8009
Jan 25, 2016 7:41:03 PM org.apache.jk.server.JkMain start
INFO: Jk running ID=0 time=0/29  config=null
Jan 25, 2016 7:41:03 PM org.apache.catalina.startup.Catalina start
INFO: Server startup in 663 ms
Jan 25, 2016 7:41:04 PM org.apache.coyote.http11.Http11Protocol pause
INFO: Pausing Coyote HTTP/1.1 on http-16012
Jan 25, 2016 7:41:05 PM org.apache.catalina.core.StandardService stop
INFO: Stopping service Catalina
Jan 25, 2016 7:41:05 PM org.apache.coyote.http11.Http11Protocol destroy
INFO: Stopping Coyote HTTP/1.1 on http-16012
